#
# There is insufficient memory for the Java Runtime Environment to continue.
# Native memory allocation (malloc) failed to allocate 480496 bytes. Error detail: Chunk::new
# Possible reasons:
#   The system is out of physical RAM or swap space
#   This process is running with CompressedOops enabled, and the Java Heap may be blocking the growth of the native heap
# Possible solutions:
#   Reduce memory load on the system
#   Increase physical memory or swap space
#   Check if swap backing store is full
#   Decrease Java heap size (-Xmx/-Xms)
#   Decrease number of Java threads
#   Decrease Java thread stack sizes (-Xss)
#   Set larger code cache with -XX:ReservedCodeCacheSize=
#   JVM is running with Unscaled Compressed Oops mode in which the Java heap is
#     placed in the first 4GB address space. The Java Heap base address is the
#     maximum limit for the native heap growth. Please use -XX:HeapBaseMinAddress
#     to set the Java Heap base and to place the Java Heap above 4GB virtual address.
# This output file may be truncated or incomplete.
#
#  Out of Memory Error (arena.cpp:168), pid=15460, tid=15340
#
# JRE version: OpenJDK Runtime Environment Temurin-21.0.7+6 (21.0.7+6) (build 21.0.7+6-LTS)
# Java VM: OpenJDK 64-Bit Server VM Temurin-21.0.7+6 (21.0.7+6-LTS, mixed mode, sharing, tiered, compressed oops, compressed class ptrs, parallel gc, windows-amd64)
# No core dump will be written. Minidumps are not enabled by default on client versions of Windows
#

---------------  S U M M A R Y ------------

Command Line: --add-modules=ALL-SYSTEM --add-opens=java.base/java.util=ALL-UNNAMED --add-opens=java.base/java.lang=ALL-UNNAMED --add-opens=java.base/sun.nio.fs=ALL-UNNAMED -Declipse.application=org.eclipse.jdt.ls.core.id1 -Dosgi.bundles.defaultStartLevel=4 -Declipse.product=org.eclipse.jdt.ls.core.product -Djava.import.generatesMetadataFilesAtProjectRoot=false -DDetectVMInstallationsJob.disabled=true -Dfile.encoding=utf8 -XX:+UseParallelGC -XX:GCTimeRatio=4 -XX:AdaptiveSizePolicyWeight=90 -Dsun.zip.disableMemoryMapping=true -Xmx2G -Xms100m -Xlog:disable -javaagent:c:\Users\1\.vscode\extensions\redhat.java-1.43.1-win32-x64\lombok\lombok-1.18.39-4050.jar -XX:+HeapDumpOnOutOfMemoryError -XX:HeapDumpPath=c:\Users\1\AppData\Roaming\Code\User\workspaceStorage\b951652e77cf9ebe0b9691b4e83cba54\redhat.java -Daether.dependencyCollector.impl=bf c:\Users\1\.vscode\extensions\redhat.java-1.43.1-win32-x64\server\plugins\org.eclipse.equinox.launcher_1.7.0.v20250519-0528.jar -configuration c:\Users\1\AppData\Roaming\Code\User\globalStorage\redhat.java\1.43.1\config_win -data c:\Users\1\AppData\Roaming\Code\User\workspaceStorage\b951652e77cf9ebe0b9691b4e83cba54\redhat.java\jdt_ws --pipe=\\.\pipe\lsp-436076ed3d56526a15e6ae490d425518-sock

Host: Intel(R) Core(TM) i3-1005G1 CPU @ 1.20GHz, 4 cores, 7G,  Windows 10 , 64 bit Build 19041 (10.0.19041.5915)
Time: Tue Jul 22 13:03:55 2025  Windows 10 , 64 bit Build 19041 (10.0.19041.5915) elapsed time: 5.110486 seconds (0d 0h 0m 5s)

---------------  T H R E A D  ---------------

Current thread (0x00000128d5966300):  JavaThread "C2 CompilerThread0" daemon [_thread_in_native, id=15340, stack(0x0000000e61c00000,0x0000000e61d00000) (1024K)]


Current CompileTask:
C2:5110 1304       4       java.io.DataInputStream::readUTF (501 bytes)

Stack: [0x0000000e61c00000,0x0000000e61d00000]
Native frames: (J=compiled Java code, j=interpreted, Vv=VM code, C=native code)
V  [jvm.dll+0x6ce119]
V  [jvm.dll+0x8a84a1]
V  [jvm.dll+0x8aa9ce]
V  [jvm.dll+0x8ab0b3]
V  [jvm.dll+0x27f8a6]
V  [jvm.dll+0xc507d]
V  [jvm.dll+0xc55b3]
V  [jvm.dll+0x3b692c]
V  [jvm.dll+0x382aa5]
V  [jvm.dll+0x381f0a]
V  [jvm.dll+0x247af0]
V  [jvm.dll+0x2470cf]
V  [jvm.dll+0x1c760e]
V  [jvm.dll+0x25695a]
V  [jvm.dll+0x254efa]
V  [jvm.dll+0x3f03f6]
V  [jvm.dll+0x851f6b]
V  [jvm.dll+0x6cc7dd]
C  [ucrtbase.dll+0x21bb2]
C  [KERNEL32.DLL+0x17374]
C  [ntdll.dll+0x4cc91]


---------------  P R O C E S S  ---------------

Threads class SMR info:
_java_thread_list=0x00000128f129d560, length=11, elements={
0x00000128d5a73150, 0x00000128d595c380, 0x00000128d595dd70, 0x00000128d595f9e0,
0x00000128d59609e0, 0x00000128d5962890, 0x00000128d59653e0, 0x00000128d5966300,
0x00000128d59de140, 0x00000128d5adf340, 0x00000128f1296780
}

Java Threads: ( => current thread )
  0x00000128d5a73150 JavaThread "main"                              [_thread_in_vm, id=20948, stack(0x0000000e61200000,0x0000000e61300000) (1024K)]
  0x00000128d595c380 JavaThread "Reference Handler"          daemon [_thread_blocked, id=23612, stack(0x0000000e61600000,0x0000000e61700000) (1024K)]
  0x00000128d595dd70 JavaThread "Finalizer"                  daemon [_thread_blocked, id=23444, stack(0x0000000e61700000,0x0000000e61800000) (1024K)]
  0x00000128d595f9e0 JavaThread "Signal Dispatcher"          daemon [_thread_blocked, id=24100, stack(0x0000000e61800000,0x0000000e61900000) (1024K)]
  0x00000128d59609e0 JavaThread "Attach Listener"            daemon [_thread_blocked, id=21436, stack(0x0000000e61900000,0x0000000e61a00000) (1024K)]
  0x00000128d5962890 JavaThread "Service Thread"             daemon [_thread_blocked, id=14356, stack(0x0000000e61a00000,0x0000000e61b00000) (1024K)]
  0x00000128d59653e0 JavaThread "Monitor Deflation Thread"   daemon [_thread_blocked, id=24648, stack(0x0000000e61b00000,0x0000000e61c00000) (1024K)]
=>0x00000128d5966300 JavaThread "C2 CompilerThread0"         daemon [_thread_in_native, id=15340, stack(0x0000000e61c00000,0x0000000e61d00000) (1024K)]
  0x00000128d59de140 JavaThread "C1 CompilerThread0"         daemon [_thread_blocked, id=21372, stack(0x0000000e61d00000,0x0000000e61e00000) (1024K)]
  0x00000128d5adf340 JavaThread "Common-Cleaner"             daemon [_thread_blocked, id=23368, stack(0x0000000e61e00000,0x0000000e61f00000) (1024K)]
  0x00000128f1296780 JavaThread "Notification Thread"        daemon [_thread_blocked, id=8964, stack(0x0000000e61f00000,0x0000000e62000000) (1024K)]
Total: 11

Other Threads:
  0x00000128d5b31640 VMThread "VM Thread"                           [id=21596, stack(0x0000000e61500000,0x0000000e61600000) (1024K)]
  0x00000128d5add610 WatcherThread "VM Periodic Task Thread"        [id=15072, stack(0x0000000e61400000,0x0000000e61500000) (1024K)]
  0x00000128d5a901c0 WorkerThread "GC Thread#0"                     [id=11644, stack(0x0000000e61300000,0x0000000e61400000) (1024K)]
  0x00000128f1823080 WorkerThread "GC Thread#1"                     [id=24488, stack(0x0000000e62000000,0x0000000e62100000) (1024K)]
  0x00000128f18a1b50 WorkerThread "GC Thread#2"                     [id=11316, stack(0x0000000e62100000,0x0000000e62200000) (1024K)]
  0x00000128f18a1ef0 WorkerThread "GC Thread#3"                     [id=22072, stack(0x0000000e62200000,0x0000000e62300000) (1024K)]
Total: 6

Threads with active compile tasks:
C2 CompilerThread0  5167 1304       4       java.io.DataInputStream::readUTF (501 bytes)
Total: 1

VM state: not at safepoint (normal execution)

VM Mutex/Monitor currently owned by a thread:  ([mutex/lock_event])
[0x00007ffafe9ace88] MethodCompileQueue_lock - owner thread: 0x00000128d5a73150

Heap address: 0x0000000080000000, size: 2048 MB, Compressed Oops mode: 32-bit

CDS archive(s) mapped at: [0x0000012880000000-0x0000012880ba0000-0x0000012880ba0000), size 12189696, SharedBaseAddress: 0x0000012880000000, ArchiveRelocationMode: 1.
Compressed class space mapped at: 0x0000012881000000-0x00000128c1000000, reserved size: 1073741824
Narrow klass base: 0x0000012880000000, Narrow klass shift: 0, Narrow klass range: 0x100000000

GC Precious Log:
 CardTable entry size: 512
 CPUs: 4 total, 4 available
 Memory: 7973M
 Large Page Support: Disabled
 NUMA Support: Disabled
 Compressed Oops: Enabled (32-bit)
 Alignments: Space 512K, Generation 512K, Heap 2M
 Heap Min Capacity: 100M
 Heap Initial Capacity: 100M
 Heap Max Capacity: 2G
 Pre-touch: Disabled
 Parallel Workers: 4

Heap:
 PSYoungGen      total 29696K, used 10903K [0x00000000d5580000, 0x00000000d7680000, 0x0000000100000000)
  eden space 25600K, 29% used [0x00000000d5580000,0x00000000d5ce9e40,0x00000000d6e80000)
  from space 4096K, 80% used [0x00000000d6e80000,0x00000000d71bbf18,0x00000000d7280000)
  to   space 4096K, 0% used [0x00000000d7280000,0x00000000d7280000,0x00000000d7680000)
 ParOldGen       total 68608K, used 0K [0x0000000080000000, 0x0000000084300000, 0x00000000d5580000)
  object space 68608K, 0% used [0x0000000080000000,0x0000000080000000,0x0000000084300000)
 Metaspace       used 5829K, committed 6080K, reserved 1114112K
  class space    used 592K, committed 704K, reserved 1048576K

Card table byte_map: [0x00000128d5420000,0x00000128d5830000] _byte_map_base: 0x00000128d5020000

Marking Bits: (ParMarkBitMap*) 0x00007ffafe9b31f0
 Begin Bits: [0x00000128e7f20000, 0x00000128e9f20000)
 End Bits:   [0x00000128e9f20000, 0x00000128ebf20000)

Polling page: 0x00000128d3830000

Metaspace:

Usage:
  Non-class:      5.11 MB used.
      Class:    592.49 KB used.
       Both:      5.69 MB used.

Virtual space:
  Non-class space:       64.00 MB reserved,       5.25 MB (  8%) committed,  1 nodes.
      Class space:        1.00 GB reserved,     704.00 KB ( <1%) committed,  1 nodes.
             Both:        1.06 GB reserved,       5.94 MB ( <1%) committed. 

Chunk freelists:
   Non-Class:  10.22 MB
       Class:  15.35 MB
        Both:  25.57 MB

MaxMetaspaceSize: unlimited
CompressedClassSpaceSize: 1.00 GB
Initial GC threshold: 21.00 MB
Current GC threshold: 21.00 MB
CDS: on
 - commit_granule_bytes: 65536.
 - commit_granule_words: 8192.
 - virtual_space_node_default_size: 8388608.
 - enlarge_chunks_in_place: 1.
 - use_allocation_guard: 0.


Internal statistics:

num_allocs_failed_limit: 0.
num_arena_births: 190.
num_arena_deaths: 0.
num_vsnodes_births: 2.
num_vsnodes_deaths: 0.
num_space_committed: 95.
num_space_uncommitted: 0.
num_chunks_returned_to_freelist: 0.
num_chunks_taken_from_freelist: 301.
num_chunk_merges: 0.
num_chunk_splits: 191.
num_chunks_enlarged: 124.
num_inconsistent_stats: 0.

CodeHeap 'non-profiled nmethods': size=120000Kb used=521Kb max_used=521Kb free=119478Kb
 bounds [0x00000128e0740000, 0x00000128e09b0000, 0x00000128e7c70000]
CodeHeap 'profiled nmethods': size=120000Kb used=2201Kb max_used=2201Kb free=117798Kb
 bounds [0x00000128d8c70000, 0x00000128d8ee0000, 0x00000128e01a0000]
CodeHeap 'non-nmethods': size=5760Kb used=1214Kb max_used=1228Kb free=4545Kb
 bounds [0x00000128e01a0000, 0x00000128e0410000, 0x00000128e0740000]
 total_blobs=1776 nmethods=1306 adapters=377
 compilation: enabled
              stopped_count=0, restarted_count=0
 full_count=0

Compilation events (20 events):
Event: 5.064 Thread 0x00000128d59de140 nmethod 1298 0x00000128d8e8dc90 code [0x00000128d8e8de40, 0x00000128d8e8e018]
Event: 5.064 Thread 0x00000128d59de140 1299       3       java.net.URLStreamHandler::toExternalForm (156 bytes)
Event: 5.065 Thread 0x00000128d59de140 nmethod 1299 0x00000128d8e8e110 code [0x00000128d8e8e500, 0x00000128d8e8fa48]
Event: 5.071 Thread 0x00000128d59de140 1300   !   3       java.io.BufferedInputStream::read (54 bytes)
Event: 5.071 Thread 0x00000128d5966300 1303       4       java.lang.StringUTF16::compress (20 bytes)
Event: 5.072 Thread 0x00000128d59de140 nmethod 1300 0x00000128d8e90290 code [0x00000128d8e90520, 0x00000128d8e91128]
Event: 5.072 Thread 0x00000128d59de140 1301       3       java.io.BufferedInputStream::implRead (49 bytes)
Event: 5.072 Thread 0x00000128d59de140 nmethod 1301 0x00000128d8e91590 code [0x00000128d8e91760, 0x00000128d8e91a20]
Event: 5.072 Thread 0x00000128d59de140 1302       3       java.io.DataInputStream::readInt (19 bytes)
Event: 5.073 Thread 0x00000128d59de140 nmethod 1302 0x00000128d8e91b90 code [0x00000128d8e91da0, 0x00000128d8e923b0]
Event: 5.073 Thread 0x00000128d59de140 1305       3       org.eclipse.osgi.container.ModuleDatabase$Persistence::readIndexedString (18 bytes)
Event: 5.073 Thread 0x00000128d5966300 nmethod 1303 0x00000128e07c2010 code [0x00000128e07c21a0, 0x00000128e07c23f8]
Event: 5.073 Thread 0x00000128d5966300 1304       4       java.io.DataInputStream::readUTF (501 bytes)
Event: 5.073 Thread 0x00000128d59de140 nmethod 1305 0x00000128d8e92690 code [0x00000128d8e928c0, 0x00000128d8e92fc8]
Event: 5.073 Thread 0x00000128d59de140 1306       3       org.eclipse.osgi.container.ModuleDatabase$Persistence::readString0 (98 bytes)
Event: 5.075 Thread 0x00000128d59de140 nmethod 1306 0x00000128d8e93310 code [0x00000128d8e93680, 0x00000128d8e94b60]
Event: 5.075 Thread 0x00000128d59de140 1307       3       java.io.DataInputStream::readByte (6 bytes)
Event: 5.075 Thread 0x00000128d59de140 nmethod 1307 0x00000128d8e95290 code [0x00000128d8e95460, 0x00000128d8e95748]
Event: 5.075 Thread 0x00000128d59de140 1308       3       org.eclipse.osgi.container.ModuleDatabase$Persistence::addToReadTable (70 bytes)
Event: 5.075 Thread 0x00000128d59de140 nmethod 1308 0x00000128d8e95890 code [0x00000128d8e95ac0, 0x00000128d8e962c0]

GC Heap History (2 events):
Event: 3.444 GC heap before
{Heap before GC invocations=1 (full 0):
 PSYoungGen      total 29696K, used 25600K [0x00000000d5580000, 0x00000000d7680000, 0x0000000100000000)
  eden space 25600K, 100% used [0x00000000d5580000,0x00000000d6e80000,0x00000000d6e80000)
  from space 4096K, 0% used [0x00000000d7280000,0x00000000d7280000,0x00000000d7680000)
  to   space 4096K, 0% used [0x00000000d6e80000,0x00000000d6e80000,0x00000000d7280000)
 ParOldGen       total 68608K, used 0K [0x0000000080000000, 0x0000000084300000, 0x00000000d5580000)
  object space 68608K, 0% used [0x0000000080000000,0x0000000080000000,0x0000000084300000)
 Metaspace       used 4354K, committed 4608K, reserved 1114112K
  class space    used 461K, committed 576K, reserved 1048576K
}
Event: 3.501 GC heap after
{Heap after GC invocations=1 (full 0):
 PSYoungGen      total 29696K, used 3311K [0x00000000d5580000, 0x00000000d7680000, 0x0000000100000000)
  eden space 25600K, 0% used [0x00000000d5580000,0x00000000d5580000,0x00000000d6e80000)
  from space 4096K, 80% used [0x00000000d6e80000,0x00000000d71bbf18,0x00000000d7280000)
  to   space 4096K, 0% used [0x00000000d7280000,0x00000000d7280000,0x00000000d7680000)
 ParOldGen       total 68608K, used 0K [0x0000000080000000, 0x0000000084300000, 0x00000000d5580000)
  object space 68608K, 0% used [0x0000000080000000,0x0000000080000000,0x0000000084300000)
 Metaspace       used 4354K, committed 4608K, reserved 1114112K
  class space    used 461K, committed 576K, reserved 1048576K
}

Dll operation events (8 events):
Event: 0.017 Loaded shared library c:\Users\1\.vscode\extensions\redhat.java-1.43.1-win32-x64\jre\21.0.7-win32-x86_64\bin\java.dll
Event: 0.103 Loaded shared library c:\Users\1\.vscode\extensions\redhat.java-1.43.1-win32-x64\jre\21.0.7-win32-x86_64\bin\zip.dll
Event: 0.493 Loaded shared library C:\Users\1\.vscode\extensions\redhat.java-1.43.1-win32-x64\jre\21.0.7-win32-x86_64\bin\instrument.dll
Event: 0.547 Loaded shared library C:\Users\1\.vscode\extensions\redhat.java-1.43.1-win32-x64\jre\21.0.7-win32-x86_64\bin\net.dll
Event: 0.606 Loaded shared library C:\Users\1\.vscode\extensions\redhat.java-1.43.1-win32-x64\jre\21.0.7-win32-x86_64\bin\nio.dll
Event: 0.615 Loaded shared library C:\Users\1\.vscode\extensions\redhat.java-1.43.1-win32-x64\jre\21.0.7-win32-x86_64\bin\zip.dll
Event: 0.671 Loaded shared library C:\Users\1\.vscode\extensions\redhat.java-1.43.1-win32-x64\jre\21.0.7-win32-x86_64\bin\jimage.dll
Event: 1.019 Loaded shared library c:\Users\1\.vscode\extensions\redhat.java-1.43.1-win32-x64\jre\21.0.7-win32-x86_64\bin\verify.dll

Deoptimization events (20 events):
Event: 3.776 Thread 0x00000128d5a73150 Uncommon trap: trap_request=0xffffff45 fr.pc=0x00000128e07a9f40 relative=0x0000000000000280
Event: 3.776 Thread 0x00000128d5a73150 Uncommon trap: reason=unstable_if action=reinterpret pc=0x00000128e07a9f40 method=java.util.HashMap.hash(Ljava/lang/Object;)I @ 1 c2
Event: 3.776 Thread 0x00000128d5a73150 DEOPT PACKING pc=0x00000128e07a9f40 sp=0x0000000e612fe6c0
Event: 3.776 Thread 0x00000128d5a73150 DEOPT UNPACKING pc=0x00000128e01f6da2 sp=0x0000000e612fe558 mode 2
Event: 3.780 Thread 0x00000128d5a73150 Uncommon trap: trap_request=0xffffff45 fr.pc=0x00000128e07a2264 relative=0x0000000000000304
Event: 3.780 Thread 0x00000128d5a73150 Uncommon trap: reason=unstable_if action=reinterpret pc=0x00000128e07a2264 method=java.util.HashMap.hash(Ljava/lang/Object;)I @ 1 c2
Event: 3.780 Thread 0x00000128d5a73150 DEOPT PACKING pc=0x00000128e07a2264 sp=0x0000000e612fe660
Event: 3.780 Thread 0x00000128d5a73150 DEOPT UNPACKING pc=0x00000128e01f6da2 sp=0x0000000e612fe568 mode 2
Event: 3.780 Thread 0x00000128d5a73150 Uncommon trap: trap_request=0xffffff45 fr.pc=0x00000128e07a0dd0 relative=0x00000000000000b0
Event: 3.780 Thread 0x00000128d5a73150 Uncommon trap: reason=unstable_if action=reinterpret pc=0x00000128e07a0dd0 method=java.util.HashMap.hash(Ljava/lang/Object;)I @ 1 c2
Event: 3.780 Thread 0x00000128d5a73150 DEOPT PACKING pc=0x00000128e07a0dd0 sp=0x0000000e612fe6e0
Event: 3.780 Thread 0x00000128d5a73150 DEOPT UNPACKING pc=0x00000128e01f6da2 sp=0x0000000e612fe678 mode 2
Event: 3.780 Thread 0x00000128d5a73150 Uncommon trap: trap_request=0xffffffde fr.pc=0x00000128e078a24c relative=0x00000000000005ac
Event: 3.780 Thread 0x00000128d5a73150 Uncommon trap: reason=class_check action=maybe_recompile pc=0x00000128e078a24c method=java.util.Collections$UnmodifiableCollection$1.<init>(Ljava/util/Collections$UnmodifiableCollection;)V @ 17 c2
Event: 3.780 Thread 0x00000128d5a73150 DEOPT PACKING pc=0x00000128e078a24c sp=0x0000000e612fe710
Event: 3.780 Thread 0x00000128d5a73150 DEOPT UNPACKING pc=0x00000128e01f6da2 sp=0x0000000e612fe658 mode 2
Event: 4.403 Thread 0x00000128d5a73150 Uncommon trap: trap_request=0xffffff45 fr.pc=0x00000128e078de78 relative=0x0000000000000198
Event: 4.403 Thread 0x00000128d5a73150 Uncommon trap: reason=unstable_if action=reinterpret pc=0x00000128e078de78 method=java.lang.invoke.VarHandle.checkAccessModeThenIsDirect(Ljava/lang/invoke/VarHandle$AccessDescriptor;)Z @ 4 c2
Event: 4.403 Thread 0x00000128d5a73150 DEOPT PACKING pc=0x00000128e078de78 sp=0x0000000e612fe6c0
Event: 4.403 Thread 0x00000128d5a73150 DEOPT UNPACKING pc=0x00000128e01f6da2 sp=0x0000000e612fe5f8 mode 2

Classes loaded (20 events):
Event: 5.016 Loading class java/util/AbstractQueue done
Event: 5.016 Loading class java/util/concurrent/SynchronousQueue done
Event: 5.018 Loading class java/util/concurrent/SynchronousQueue$Transferer
Event: 5.019 Loading class java/util/concurrent/LinkedTransferQueue
Event: 5.020 Loading class java/util/concurrent/TransferQueue
Event: 5.022 Loading class java/util/concurrent/TransferQueue done
Event: 5.022 Loading class java/util/concurrent/LinkedTransferQueue done
Event: 5.022 Loading class java/util/concurrent/SynchronousQueue$Transferer done
Event: 5.022 Loading class java/util/concurrent/LinkedTransferQueue$DualNode
Event: 5.023 Loading class java/util/concurrent/LinkedTransferQueue$DualNode done
Event: 5.029 Loading class java/util/concurrent/RejectedExecutionHandler
Event: 5.029 Loading class java/util/concurrent/RejectedExecutionHandler done
Event: 5.029 Loading class java/util/concurrent/LinkedBlockingQueue
Event: 5.031 Loading class java/util/concurrent/LinkedBlockingQueue done
Event: 5.031 Loading class java/util/concurrent/LinkedBlockingQueue$Node
Event: 5.031 Loading class java/util/concurrent/LinkedBlockingQueue$Node done
Event: 5.063 Loading class java/util/concurrent/Semaphore$NonfairSync
Event: 5.063 Loading class java/util/concurrent/Semaphore$Sync
Event: 5.063 Loading class java/util/concurrent/Semaphore$Sync done
Event: 5.063 Loading class java/util/concurrent/Semaphore$NonfairSync done

Classes unloaded (0 events):
No events

Classes redefined (0 events):
No events

Internal exceptions (20 events):
Event: 2.347 Thread 0x00000128d5a73150 Exception <a 'java/io/FileNotFoundException'{0x00000000d64bb4f8}> (0x00000000d64bb4f8) 
thrown [s\src\hotspot\share\prims\jni.cpp, line 520]
Event: 2.347 Thread 0x00000128d5a73150 Exception <a 'java/io/FileNotFoundException'{0x00000000d64bc130}> (0x00000000d64bc130) 
thrown [s\src\hotspot\share\prims\jni.cpp, line 520]
Event: 2.347 Thread 0x00000128d5a73150 Exception <a 'java/io/FileNotFoundException'{0x00000000d64bcc60}> (0x00000000d64bcc60) 
thrown [s\src\hotspot\share\prims\jni.cpp, line 520]
Event: 2.352 Thread 0x00000128d5a73150 Implicit null exception at 0x00000128e0770f24 to 0x00000128e0771524
Event: 2.356 Thread 0x00000128d5a73150 Exception <a 'java/io/FileNotFoundException'{0x00000000d64f5090}> (0x00000000d64f5090) 
thrown [s\src\hotspot\share\prims\jni.cpp, line 520]
Event: 2.437 Thread 0x00000128d5a73150 Exception <a 'java/lang/NoSuchMethodError'{0x00000000d652d530}: 'java.lang.Object java.lang.invoke.DirectMethodHandle$Holder.invokeInterface(java.lang.Object, java.lang.Object)'> (0x00000000d652d530) 
thrown [s\src\hotspot\share\interpreter\linkResolver.cpp, line 773]
Event: 2.451 Thread 0x00000128d5a73150 Exception <a 'java/lang/NoSuchMethodError'{0x00000000d6541408}: 'java.lang.Object java.lang.invoke.Invokers$Holder.invokeExact_MT(java.lang.Object, java.lang.Object, java.lang.Object, java.lang.Object, java.lang.Object, java.lang.Object)'> (0x00000000d6541408) 
thrown [s\src\hotspot\share\interpreter\linkResolver.cpp, line 773]
Event: 2.456 Thread 0x00000128d5a73150 Exception <a 'java/lang/NoSuchMethodError'{0x00000000d6558660}: 'int java.lang.invoke.DirectMethodHandle$Holder.invokeStatic(java.lang.Object, java.lang.Object, java.lang.Object, java.lang.Object, java.lang.Object)'> (0x00000000d6558660) 
thrown [s\src\hotspot\share\interpreter\linkResolver.cpp, line 773]
Event: 2.532 Thread 0x00000128d5a73150 Exception <a 'java/lang/NoSuchMethodError'{0x00000000d65ec218}: 'java.lang.Object java.lang.invoke.DirectMethodHandle$Holder.invokeInterface(java.lang.Object, java.lang.Object, int)'> (0x00000000d65ec218) 
thrown [s\src\hotspot\share\interpreter\linkResolver.cpp, line 773]
Event: 3.231 Thread 0x00000128d5a73150 Exception <a 'java/lang/NoSuchMethodError'{0x00000000d6a67418}: 'java.lang.ClassLoader java.lang.ClassLoader.getPlatformClassLoader(java.lang.Class)'> (0x00000000d6a67418) 
thrown [s\src\hotspot\share\interpreter\linkResolver.cpp, line 773]
Event: 3.503 Thread 0x00000128d5a73150 Exception <a 'java/lang/ClassNotFoundException'{0x00000000d55813a0}: sun/net/www/protocol/c/Handler> (0x00000000d55813a0) 
thrown [s\src\hotspot\share\classfile\systemDictionary.cpp, line 312]
Event: 3.503 Thread 0x00000128d5a73150 Exception <a 'java/lang/ClassNotFoundException'{0x00000000d55826b0}: sun/net/www/protocol/c/Handler> (0x00000000d55826b0) 
thrown [s\src\hotspot\share\classfile\systemDictionary.cpp, line 312]
Event: 3.504 Thread 0x00000128d5a73150 Exception <a 'java/lang/ClassNotFoundException'{0x00000000d5583830}: sun/net/www/protocol/c/Handler> (0x00000000d5583830) 
thrown [s\src\hotspot\share\classfile\systemDictionary.cpp, line 312]
Event: 3.517 Thread 0x00000128d5a73150 Exception <a 'java/io/FileNotFoundException'{0x00000000d55abc20}> (0x00000000d55abc20) 
thrown [s\src\hotspot\share\prims\jni.cpp, line 520]
Event: 3.775 Thread 0x00000128d5a73150 Implicit null exception at 0x00000128e07b32c9 to 0x00000128e07b3db8
Event: 3.776 Thread 0x00000128d5a73150 Implicit null exception at 0x00000128e07a9d1a to 0x00000128e07a9f28
Event: 3.777 Thread 0x00000128d5a73150 Exception <a 'java/lang/NoSuchMethodError'{0x00000000d5798668}: 'void java.lang.invoke.DirectMethodHandle$Holder.invokeStatic(java.lang.Object, java.lang.Object, java.lang.Object, java.lang.Object)'> (0x00000000d5798668) 
thrown [s\src\hotspot\share\interpreter\linkResolver.cpp, line 773]
Event: 3.780 Thread 0x00000128d5a73150 Implicit null exception at 0x00000128e07a1fba to 0x00000128e07a224c
Event: 3.780 Thread 0x00000128d5a73150 Implicit null exception at 0x00000128e07a0d3d to 0x00000128e07a0dc1
Event: 4.522 Thread 0x00000128d5a73150 Exception <a 'java/lang/NoSuchMethodError'{0x00000000d5a340a0}: 'void java.lang.invoke.DirectMethodHandle$Holder.invokeSpecial(java.lang.Object, java.lang.Object, java.lang.Object)'> (0x00000000d5a340a0) 
thrown [s\src\hotspot\share\interpreter\linkResolver.cpp, line 773]

ZGC Phase Switch (0 events):
No events

VM Operations (18 events):
Event: 0.428 Executing VM operation: HandshakeAllThreads (Deoptimize)
Event: 0.428 Executing VM operation: HandshakeAllThreads (Deoptimize) done
Event: 0.718 Executing VM operation: HandshakeAllThreads (Deoptimize)
Event: 0.718 Executing VM operation: HandshakeAllThreads (Deoptimize) done
Event: 1.728 Executing VM operation: Cleanup
Event: 1.728 Executing VM operation: Cleanup done
Event: 2.152 Executing VM operation: HandshakeAllThreads (Deoptimize)
Event: 2.152 Executing VM operation: HandshakeAllThreads (Deoptimize) done
Event: 2.173 Executing VM operation: HandshakeAllThreads (Deoptimize)
Event: 2.173 Executing VM operation: HandshakeAllThreads (Deoptimize) done
Event: 3.173 Executing VM operation: Cleanup
Event: 3.205 Executing VM operation: Cleanup done
Event: 3.369 Executing VM operation: HandshakeAllThreads (Deoptimize)
Event: 3.369 Executing VM operation: HandshakeAllThreads (Deoptimize) done
Event: 3.444 Executing VM operation: ParallelGCFailedAllocation (Allocation Failure)
Event: 3.501 Executing VM operation: ParallelGCFailedAllocation (Allocation Failure) done
Event: 4.512 Executing VM operation: Cleanup
Event: 4.512 Executing VM operation: Cleanup done

Memory protections (0 events):
No events

Nmethod flushes (0 events):
No events

Events (11 events):
Event: 0.061 Thread 0x00000128d5a73150 Thread added: 0x00000128d5a73150
Event: 0.153 Thread 0x00000128d5a73150 Thread added: 0x00000128d595c380
Event: 0.153 Thread 0x00000128d5a73150 Thread added: 0x00000128d595dd70
Event: 0.154 Thread 0x00000128d5a73150 Thread added: 0x00000128d595f9e0
Event: 0.154 Thread 0x00000128d5a73150 Thread added: 0x00000128d59609e0
Event: 0.154 Thread 0x00000128d5a73150 Thread added: 0x00000128d5962890
Event: 0.154 Thread 0x00000128d5a73150 Thread added: 0x00000128d59653e0
Event: 0.154 Thread 0x00000128d5a73150 Thread added: 0x00000128d5966300
Event: 0.168 Thread 0x00000128d5a73150 Thread added: 0x00000128d59de140
Event: 0.406 Thread 0x00000128d5a73150 Thread added: 0x00000128d5adf340
Event: 1.357 Thread 0x00000128d5a73150 Thread added: 0x00000128f1296780


Dynamic libraries:
0x00007ff792530000 - 0x00007ff79253e000 	c:\Users\1\.vscode\extensions\redhat.java-1.43.1-win32-x64\jre\21.0.7-win32-x86_64\bin\java.exe
0x00007ffc0f690000 - 0x00007ffc0f888000 	C:\WINDOWS\SYSTEM32\ntdll.dll
0x00007ffc0f0f0000 - 0x00007ffc0f1b2000 	C:\WINDOWS\System32\KERNEL32.DLL
0x00007ffc0cd20000 - 0x00007ffc0d016000 	C:\WINDOWS\System32\KERNELBASE.dll
0x00007ffc0d230000 - 0x00007ffc0d330000 	C:\WINDOWS\System32\ucrtbase.dll
0x00007ffbf3a60000 - 0x00007ffbf3a78000 	c:\Users\1\.vscode\extensions\redhat.java-1.43.1-win32-x64\jre\21.0.7-win32-x86_64\bin\jli.dll
0x00007ffc0d750000 - 0x00007ffc0d8ed000 	C:\WINDOWS\System32\USER32.dll
0x00007ffc0d360000 - 0x00007ffc0d382000 	C:\WINDOWS\System32\win32u.dll
0x00007ffc0f550000 - 0x00007ffc0f57b000 	C:\WINDOWS\System32\GDI32.dll
0x00007ffc0d4f0000 - 0x00007ffc0d609000 	C:\WINDOWS\System32\gdi32full.dll
0x00007ffc0d610000 - 0x00007ffc0d6ad000 	C:\WINDOWS\System32\msvcp_win.dll
0x00007ffbf3a40000 - 0x00007ffbf3a5e000 	c:\Users\1\.vscode\extensions\redhat.java-1.43.1-win32-x64\jre\21.0.7-win32-x86_64\bin\VCRUNTIME140.dll
0x00007ffbf4cc0000 - 0x00007ffbf4f5a000 	C:\WINDOWS\WinSxS\amd64_microsoft.windows.common-controls_6595b64144ccf1df_6.0.19041.5915_none_60b4b9d171f9c7c7\COMCTL32.dll
0x00007ffc0d6b0000 - 0x00007ffc0d74e000 	C:\WINDOWS\System32\msvcrt.dll
0x00007ffc0eef0000 - 0x00007ffc0ef1f000 	C:\WINDOWS\System32\IMM32.DLL
0x00007ffc07580000 - 0x00007ffc0758c000 	c:\Users\1\.vscode\extensions\redhat.java-1.43.1-win32-x64\jre\21.0.7-win32-x86_64\bin\vcruntime140_1.dll
0x00007ffbb8500000 - 0x00007ffbb858d000 	c:\Users\1\.vscode\extensions\redhat.java-1.43.1-win32-x64\jre\21.0.7-win32-x86_64\bin\msvcp140.dll
0x00007ffafdd00000 - 0x00007ffafea90000 	c:\Users\1\.vscode\extensions\redhat.java-1.43.1-win32-x64\jre\21.0.7-win32-x86_64\bin\server\jvm.dll
0x00007ffc0f1c0000 - 0x00007ffc0f271000 	C:\WINDOWS\System32\ADVAPI32.dll
0x00007ffc0dcb0000 - 0x00007ffc0dd4f000 	C:\WINDOWS\System32\sechost.dll
0x00007ffc0f420000 - 0x00007ffc0f543000 	C:\WINDOWS\System32\RPCRT4.dll
0x00007ffc0d330000 - 0x00007ffc0d357000 	C:\WINDOWS\System32\bcrypt.dll
0x00007ffc0f580000 - 0x00007ffc0f5eb000 	C:\WINDOWS\System32\WS2_32.dll
0x00007ffc0cb80000 - 0x00007ffc0cbcb000 	C:\WINDOWS\SYSTEM32\POWRPROF.dll
0x00007ffbf2d90000 - 0x00007ffbf2db7000 	C:\WINDOWS\SYSTEM32\WINMM.dll
0x00007ffc05f50000 - 0x00007ffc05f5a000 	C:\WINDOWS\SYSTEM32\VERSION.dll
0x00007ffc0cb60000 - 0x00007ffc0cb72000 	C:\WINDOWS\SYSTEM32\UMPDC.dll
0x00007ffc0b500000 - 0x00007ffc0b512000 	C:\WINDOWS\SYSTEM32\kernel.appcore.dll
0x00007ffbf3aa0000 - 0x00007ffbf3aaa000 	c:\Users\1\.vscode\extensions\redhat.java-1.43.1-win32-x64\jre\21.0.7-win32-x86_64\bin\jimage.dll
0x00007ffc0aa40000 - 0x00007ffc0ac41000 	C:\WINDOWS\SYSTEM32\DBGHELP.DLL
0x00007ffbf0be0000 - 0x00007ffbf0c14000 	C:\WINDOWS\SYSTEM32\dbgcore.DLL
0x00007ffc0d0f0000 - 0x00007ffc0d172000 	C:\WINDOWS\System32\bcryptPrimitives.dll
0x00007ffbf39f0000 - 0x00007ffbf39ff000 	c:\Users\1\.vscode\extensions\redhat.java-1.43.1-win32-x64\jre\21.0.7-win32-x86_64\bin\instrument.dll
0x00007ffbf3880000 - 0x00007ffbf389f000 	c:\Users\1\.vscode\extensions\redhat.java-1.43.1-win32-x64\jre\21.0.7-win32-x86_64\bin\java.dll
0x00007ffc0e420000 - 0x00007ffc0eb8e000 	C:\WINDOWS\System32\SHELL32.dll
0x00007ffc0ad40000 - 0x00007ffc0b4e4000 	C:\WINDOWS\SYSTEM32\windows.storage.dll
0x00007ffc0eb90000 - 0x00007ffc0eee3000 	C:\WINDOWS\System32\combase.dll
0x00007ffc0c5a0000 - 0x00007ffc0c5cb000 	C:\WINDOWS\SYSTEM32\Wldp.dll
0x00007ffc0e2f0000 - 0x00007ffc0e3bd000 	C:\WINDOWS\System32\OLEAUT32.dll
0x00007ffc0f370000 - 0x00007ffc0f41d000 	C:\WINDOWS\System32\SHCORE.dll
0x00007ffc0f090000 - 0x00007ffc0f0eb000 	C:\WINDOWS\System32\shlwapi.dll
0x00007ffc0cc50000 - 0x00007ffc0cc74000 	C:\WINDOWS\SYSTEM32\profapi.dll
0x00007ffbf19c0000 - 0x00007ffbf19d8000 	c:\Users\1\.vscode\extensions\redhat.java-1.43.1-win32-x64\jre\21.0.7-win32-x86_64\bin\zip.dll
0x00007ffbf19b0000 - 0x00007ffbf19c0000 	C:\Users\1\.vscode\extensions\redhat.java-1.43.1-win32-x64\jre\21.0.7-win32-x86_64\bin\net.dll
0x00007ffc046f0000 - 0x00007ffc047fa000 	C:\WINDOWS\SYSTEM32\WINHTTP.dll
0x00007ffc0c380000 - 0x00007ffc0c3ea000 	C:\WINDOWS\system32\mswsock.dll
0x00007ffbec8c0000 - 0x00007ffbec8d6000 	C:\Users\1\.vscode\extensions\redhat.java-1.43.1-win32-x64\jre\21.0.7-win32-x86_64\bin\nio.dll
0x00007ffbf19a0000 - 0x00007ffbf19b0000 	c:\Users\1\.vscode\extensions\redhat.java-1.43.1-win32-x64\jre\21.0.7-win32-x86_64\bin\verify.dll

dbghelp: loaded successfully - version: 4.0.5 - missing functions: none
symbol engine: initialized successfully - sym options: 0x614 - pdb path: .;c:\Users\1\.vscode\extensions\redhat.java-1.43.1-win32-x64\jre\21.0.7-win32-x86_64\bin;C:\WINDOWS\SYSTEM32;C:\WINDOWS\WinSxS\amd64_microsoft.windows.common-controls_6595b64144ccf1df_6.0.19041.5915_none_60b4b9d171f9c7c7;c:\Users\1\.vscode\extensions\redhat.java-1.43.1-win32-x64\jre\21.0.7-win32-x86_64\bin\server

VM Arguments:
jvm_args: --add-modules=ALL-SYSTEM --add-opens=java.base/java.util=ALL-UNNAMED --add-opens=java.base/java.lang=ALL-UNNAMED --add-opens=java.base/sun.nio.fs=ALL-UNNAMED -Declipse.application=org.eclipse.jdt.ls.core.id1 -Dosgi.bundles.defaultStartLevel=4 -Declipse.product=org.eclipse.jdt.ls.core.product -Djava.import.generatesMetadataFilesAtProjectRoot=false -DDetectVMInstallationsJob.disabled=true -Dfile.encoding=utf8 -XX:+UseParallelGC -XX:GCTimeRatio=4 -XX:AdaptiveSizePolicyWeight=90 -Dsun.zip.disableMemoryMapping=true -Xmx2G -Xms100m -Xlog:disable -javaagent:c:\Users\1\.vscode\extensions\redhat.java-1.43.1-win32-x64\lombok\lombok-1.18.39-4050.jar -XX:+HeapDumpOnOutOfMemoryError -XX:HeapDumpPath=c:\Users\1\AppData\Roaming\Code\User\workspaceStorage\b951652e77cf9ebe0b9691b4e83cba54\redhat.java -Daether.dependencyCollector.impl=bf 
java_command: c:\Users\1\.vscode\extensions\redhat.java-1.43.1-win32-x64\server\plugins\org.eclipse.equinox.launcher_1.7.0.v20250519-0528.jar -configuration c:\Users\1\AppData\Roaming\Code\User\globalStorage\redhat.java\1.43.1\config_win -data c:\Users\1\AppData\Roaming\Code\User\workspaceStorage\b951652e77cf9ebe0b9691b4e83cba54\redhat.java\jdt_ws --pipe=\\.\pipe\lsp-436076ed3d56526a15e6ae490d425518-sock
java_class_path (initial): c:\Users\1\.vscode\extensions\redhat.java-1.43.1-win32-x64\server\plugins\org.eclipse.equinox.launcher_1.7.0.v20250519-0528.jar
Launcher Type: SUN_STANDARD

[Global flags]
    uintx AdaptiveSizePolicyWeight                 = 90                                        {product} {command line}
     intx CICompilerCount                          = 3                                         {product} {ergonomic}
    uintx GCTimeRatio                              = 4                                         {product} {command line}
     bool HeapDumpOnOutOfMemoryError               = true                                   {manageable} {command line}
    ccstr HeapDumpPath                             = c:\Users\1\AppData\Roaming\Code\User\workspaceStorage\b951652e77cf9ebe0b9691b4e83cba54\redhat.java         {manageable} {command line}
   size_t InitialHeapSize                          = 104857600                                 {product} {command line}
   size_t MaxHeapSize                              = 2147483648                                {product} {command line}
   size_t MaxNewSize                               = 715653120                                 {product} {ergonomic}
   size_t MinHeapDeltaBytes                        = 524288                                    {product} {ergonomic}
   size_t MinHeapSize                              = 104857600                                 {product} {command line}
   size_t NewSize                                  = 34603008                                  {product} {ergonomic}
    uintx NonNMethodCodeHeapSize                   = 5832780                                {pd product} {ergonomic}
    uintx NonProfiledCodeHeapSize                  = 122912730                              {pd product} {ergonomic}
   size_t OldSize                                  = 70254592                                  {product} {ergonomic}
    uintx ProfiledCodeHeapSize                     = 122912730                              {pd product} {ergonomic}
    uintx ReservedCodeCacheSize                    = 251658240                              {pd product} {ergonomic}
     bool SegmentedCodeCache                       = true                                      {product} {ergonomic}
   size_t SoftMaxHeapSize                          = 2147483648                             {manageable} {ergonomic}
     bool UseCompressedOops                        = true                           {product lp64_product} {ergonomic}
     bool UseLargePagesIndividualAllocation        = false                                  {pd product} {ergonomic}
     bool UseParallelGC                            = true                                      {product} {command line}

Logging:
Log output configuration:
 #0: stdout all=off uptime,level,tags foldmultilines=false
 #1: stderr all=off uptime,level,tags foldmultilines=false

Environment Variables:
PATH=C:\Program Files\Common Files\Oracle\Java\javapath;C:\WINDOWS\system32;C:\WINDOWS;C:\WINDOWS\System32\Wbem;C:\WINDOWS\System32\WindowsPowerShell\v1.0\;C:\WINDOWS\System32\OpenSSH\;C:\Program Files\Microsoft SQL Server\150\Tools\Binn\;C:\Program Files\nodejs\;C:\Program Files\Git\cmd;C:\Program Files\Microsoft SQL Server\Client SDK\ODBC\170\Tools\Binn\;C:\Program Files\Docker\Docker\resources\bin;C:\Program Files\dotnet\;C:\Users\1\AppData\Local\Programs\Python\Python310\Scripts\;C:\Users\1\AppData\Local\Programs\Python\Python310\;C:\Users\1\AppData\Local\Programs\Python\Python313\Scripts\;C:\Users\1\AppData\Local\Programs\Python\Python313\;C:\Users\1\AppData\Local\Programs\Python\Launcher\;C:\Users\1\AppData\Local\Microsoft\WindowsApps;C:\Users\1\.dotnet\tools;C:\Users\1\AppData\Local\Programs\v\bin;C:\Users\1\AppData\Roaming\npm;C:\Program Files\JetBrains\PyCharm 2025.1\bin;
USERNAME=1
OS=Windows_NT
PROCESSOR_IDENTIFIER=Intel64 Family 6 Model 126 Stepping 5, GenuineIntel
TMP=C:\Users\1\AppData\Local\Temp
TEMP=C:\Users\1\AppData\Local\Temp




Periodic native trim disabled

---------------  S Y S T E M  ---------------

OS:
 Windows 10 , 64 bit Build 19041 (10.0.19041.5915)
OS uptime: 1 days 1:01 hours
Hyper-V role detected

CPU: total 4 (initial active 4) (2 cores per cpu, 2 threads per core) family 6 model 126 stepping 5 microcode 0xa0, cx8, cmov, fxsr, ht, mmx, 3dnowpref, sse, sse2, sse3, ssse3, sse4.1, sse4.2, popcnt, lzcnt, tsc, tscinvbit, avx, avx2, aes, erms, clmul, bmi1, bmi2, adx, avx512f, avx512dq, avx512cd, avx512bw, avx512vl, sha, fma, vzeroupper, avx512_vpopcntdq, avx512_vpclmulqdq, avx512_vaes, avx512_vnni, clflush, clflushopt, avx512_vbmi2, avx512_vbmi, hv, rdtscp, rdpid, fsrm, gfni, avx512_bitalg, f16c, avx512_ifma
Processor Information for the first 4 processors :
  Max Mhz: 1190, Current Mhz: 1190, Mhz Limit: 1190

Memory: 4k page, system-wide physical 7973M (187M free)
TotalPageFile size 32549M (AvailPageFile size 0M)
current process WorkingSet (physical memory assigned to process): 80M, peak: 80M
current process commit charge ("private bytes"): 222M, peak: 223M

vm_info: OpenJDK 64-Bit Server VM (21.0.7+6-LTS) for windows-amd64 JRE (21.0.7+6-LTS), built on 2025-04-15T00:00:00Z by "admin" with MS VC++ 17.7 (VS2022)

END.
